c:\users\lalam\source\repos\kursovacpz\kursovacpz\debug\vc142.pdb
c:\users\lalam\source\repos\kursovacpz\kursovacpz\debug\.netframework,version=v4.7.2.assemblyattributes.obj
c:\users\lalam\source\repos\kursovacpz\kursovacpz\debug\myform.obj
c:\users\lalam\source\repos\kursovacpz\kursovacpz\debug\myform1.obj
c:\users\lalam\source\repos\kursovacpz\kursovacpz\debug\kursovacpz.myform.resources
c:\users\lalam\source\repos\kursovacpz\kursovacpz\debug\kursovacpz.myform1.resources
c:\users\lalam\source\repos\kursovacpz\debug\kursovacpz.pdb
c:\users\lalam\source\repos\kursovacpz\kursovacpz\debug\kursovacpz.tlog\cl.command.1.tlog
c:\users\lalam\source\repos\kursovacpz\kursovacpz\debug\kursovacpz.tlog\cl.read.1.tlog
c:\users\lalam\source\repos\kursovacpz\kursovacpz\debug\kursovacpz.tlog\cl.write.1.tlog
c:\users\lalam\source\repos\kursovacpz\kursovacpz\debug\kursovacpz.tlog\kursovacpz.write.1u.tlog
c:\users\lalam\source\repos\kursovacpz\kursovacpz\debug\kursovacpz.tlog\link.18608-cvtres.read.1.tlog
c:\users\lalam\source\repos\kursovacpz\kursovacpz\debug\kursovacpz.tlog\link.18608-cvtres.write.1.tlog
c:\users\lalam\source\repos\kursovacpz\kursovacpz\debug\kursovacpz.tlog\link.18608-rc.read.1.tlog
c:\users\lalam\source\repos\kursovacpz\kursovacpz\debug\kursovacpz.tlog\link.18608-rc.write.1.tlog
c:\users\lalam\source\repos\kursovacpz\kursovacpz\debug\kursovacpz.tlog\link.18608.read.1.tlog
c:\users\lalam\source\repos\kursovacpz\kursovacpz\debug\kursovacpz.tlog\link.18608.write.1.tlog
c:\users\lalam\source\repos\kursovacpz\kursovacpz\debug\kursovacpz.tlog\link.command.1.tlog
c:\users\lalam\source\repos\kursovacpz\kursovacpz\debug\kursovacpz.tlog\link.read.1.tlog
c:\users\lalam\source\repos\kursovacpz\kursovacpz\debug\kursovacpz.tlog\link.write.1.tlog
c:\users\lalam\source\repos\kursovacpz\kursovacpz\debug\kursovacpz.tlog\metagen.read.1.tlog
c:\users\lalam\source\repos\kursovacpz\kursovacpz\debug\kursovacpz.tlog\metagen.write.1.tlog
